#
# There is insufficient memory for the Java Runtime Environment to continue.
# Native memory allocation (malloc) failed to allocate 715849728 bytes for committing reserved memory.
# Possible reasons:
#   The system is out of physical RAM or swap space
#   In 32 bit mode, the process size limit was hit
# Possible solutions:
#   Reduce memory load on the system
#   Increase physical memory or swap space
#   Check if swap backing store is full
#   Use 64 bit Java on a 64 bit OS
#   Decrease Java heap size (-Xmx/-Xms)
#   Decrease number of Java threads
#   Decrease Java thread stack sizes (-Xss)
#   Set larger code cache with -XX:ReservedCodeCacheSize=
# This output file may be truncated or incomplete.
#
#  Out of Memory Error (os_linux.cpp:2827), pid=3631, tid=140084622915328
#
# JRE version:  (7.0_101) (build )
# Java VM: OpenJDK 64-Bit Server VM (24.95-b01 mixed mode linux-amd64 compressed oops)
# Derivative: IcedTea 2.6.6
# Distribution: Ubuntu 14.04 LTS, package 7u101-2.6.6-0ubuntu0.14.04.1
# Failed to write core dump. Core dumps have been disabled. To enable core dumping, try "ulimit -c unlimited" before starting Java again
#

---------------  T H R E A D  ---------------

Current thread (0x00007f67f400a000):  JavaThread "Unknown thread" [_thread_in_vm, id=3632, stack(0x00007f67fe1ff000,0x00007f67fe300000)]

Stack: [0x00007f67fe1ff000,0x00007f67fe300000],  sp=0x00007f67fe2fe380,  free space=1020k
Native frames: (J=compiled Java code, j=interpreted, Vv=VM code, C=native code)
V  [libjvm.so+0x955705]
V  [libjvm.so+0x490c44]
V  [libjvm.so+0x7d0c9b]
V  [libjvm.so+0x7cb75f]
V  [libjvm.so+0x9525f4]
V  [libjvm.so+0x568eeb]
V  [libjvm.so+0x901123]
V  [libjvm.so+0x5699f9]
V  [libjvm.so+0x55bc52]
V  [libjvm.so+0x9260f7]
V  [libjvm.so+0x926427]
V  [libjvm.so+0x5a3dc5]
V  [libjvm.so+0x90be4f]
V  [libjvm.so+0x60fb54]  JNI_CreateJavaVM+0x54
C  [libjli.so+0x2b48]


---------------  P R O C E S S  ---------------

Java Threads: ( => current thread )

Other Threads:

=>0x00007f67f400a000 (exited) JavaThread "Unknown thread" [_thread_in_vm, id=3632, stack(0x00007f67fe1ff000,0x00007f67fe300000)]

VM state:not at safepoint (not fully initialized)

VM Mutex/Monitor currently owned by a thread: None

GC Heap History (0 events):
No events

Deoptimization events (0 events):
No events

Internal exceptions (0 events):
No events

Events (0 events):
No events


Dynamic libraries:
00400000-00401000 r-xp 00000000 08:06 669251                             /usr/lib/jvm/java-7-openjdk-amd64/jre/bin/java
00600000-00601000 r--p 00000000 08:06 669251                             /usr/lib/jvm/java-7-openjdk-amd64/jre/bin/java
00601000-00602000 rw-p 00001000 08:06 669251                             /usr/lib/jvm/java-7-openjdk-amd64/jre/bin/java
016f9000-0171a000 rw-p 00000000 00:00 0                                  [heap]
b0000000-c5550000 rw-p 00000000 00:00 0 
f0000000-100000000 rw-p 00000000 00:00 0 
7f67ec000000-7f67ec270000 rwxp 00000000 00:00 0 
7f67ec270000-7f67f4024000 rw-p 00000000 00:00 0 
7f67f4024000-7f67f8000000 ---p 00000000 00:00 0 
7f67fa9ac000-7f67faa57000 rw-p 00000000 00:00 0 
7f67faa57000-7f67fac2c000 rw-p 00000000 00:00 0 
7f67fac2c000-7f67fac37000 rw-p 00000000 00:00 0 
7f67fac37000-7f67fae2d000 rw-p 00000000 00:00 0 
7f67fae2d000-7f67fae35000 r-xp 00000000 08:06 669282                     /usr/lib/jvm/java-7-openjdk-amd64/jre/lib/amd64/libzip.so
7f67fae35000-7f67fb034000 ---p 00008000 08:06 669282                     /usr/lib/jvm/java-7-openjdk-amd64/jre/lib/amd64/libzip.so
7f67fb034000-7f67fb035000 r--p 00007000 08:06 669282                     /usr/lib/jvm/java-7-openjdk-amd64/jre/lib/amd64/libzip.so
7f67fb035000-7f67fb036000 rw-p 00008000 08:06 669282                     /usr/lib/jvm/java-7-openjdk-amd64/jre/lib/amd64/libzip.so
7f67fb036000-7f67fb041000 r-xp 00000000 08:06 1315239                    /lib/x86_64-linux-gnu/libnss_files-2.19.so
7f67fb041000-7f67fb240000 ---p 0000b000 08:06 1315239                    /lib/x86_64-linux-gnu/libnss_files-2.19.so
7f67fb240000-7f67fb241000 r--p 0000a000 08:06 1315239                    /lib/x86_64-linux-gnu/libnss_files-2.19.so
7f67fb241000-7f67fb242000 rw-p 0000b000 08:06 1315239                    /lib/x86_64-linux-gnu/libnss_files-2.19.so
7f67fb242000-7f67fb24d000 r-xp 00000000 08:06 1315249                    /lib/x86_64-linux-gnu/libnss_nis-2.19.so
7f67fb24d000-7f67fb44c000 ---p 0000b000 08:06 1315249                    /lib/x86_64-linux-gnu/libnss_nis-2.19.so
7f67fb44c000-7f67fb44d000 r--p 0000a000 08:06 1315249                    /lib/x86_64-linux-gnu/libnss_nis-2.19.so
7f67fb44d000-7f67fb44e000 rw-p 0000b000 08:06 1315249                    /lib/x86_64-linux-gnu/libnss_nis-2.19.so
7f67fb44e000-7f67fb465000 r-xp 00000000 08:06 1315233                    /lib/x86_64-linux-gnu/libnsl-2.19.so
7f67fb465000-7f67fb664000 ---p 00017000 08:06 1315233                    /lib/x86_64-linux-gnu/libnsl-2.19.so
7f67fb664000-7f67fb665000 r--p 00016000 08:06 1315233                    /lib/x86_64-linux-gnu/libnsl-2.19.so
7f67fb665000-7f67fb666000 rw-p 00017000 08:06 1315233                    /lib/x86_64-linux-gnu/libnsl-2.19.so
7f67fb666000-7f67fb668000 rw-p 00000000 00:00 0 
7f67fb668000-7f67fb671000 r-xp 00000000 08:06 1315235                    /lib/x86_64-linux-gnu/libnss_compat-2.19.so
7f67fb671000-7f67fb870000 ---p 00009000 08:06 1315235                    /lib/x86_64-linux-gnu/libnss_compat-2.19.so
7f67fb870000-7f67fb871000 r--p 00008000 08:06 1315235                    /lib/x86_64-linux-gnu/libnss_compat-2.19.so
7f67fb871000-7f67fb872000 rw-p 00009000 08:06 1315235                    /lib/x86_64-linux-gnu/libnss_compat-2.19.so
7f67fb872000-7f67fb89d000 r-xp 00000000 08:06 669267                     /usr/lib/jvm/java-7-openjdk-amd64/jre/lib/amd64/libjava.so
7f67fb89d000-7f67fba9d000 ---p 0002b000 08:06 669267                     /usr/lib/jvm/java-7-openjdk-amd64/jre/lib/amd64/libjava.so
7f67fba9d000-7f67fba9e000 r--p 0002b000 08:06 669267                     /usr/lib/jvm/java-7-openjdk-amd64/jre/lib/amd64/libjava.so
7f67fba9e000-7f67fbaa0000 rw-p 0002c000 08:06 669267                     /usr/lib/jvm/java-7-openjdk-amd64/jre/lib/amd64/libjava.so
7f67fbaa0000-7f67fbab0000 r-xp 00000000 08:06 669268                     /usr/lib/jvm/java-7-openjdk-amd64/jre/lib/amd64/libverify.so
7f67fbab0000-7f67fbcaf000 ---p 00010000 08:06 669268                     /usr/lib/jvm/java-7-openjdk-amd64/jre/lib/amd64/libverify.so
7f67fbcaf000-7f67fbcb1000 r--p 0000f000 08:06 669268                     /usr/lib/jvm/java-7-openjdk-amd64/jre/lib/amd64/libverify.so
7f67fbcb1000-7f67fbcb2000 rw-p 00011000 08:06 669268                     /usr/lib/jvm/java-7-openjdk-amd64/jre/lib/amd64/libverify.so
7f67fbcb2000-7f67fbcb9000 r-xp 00000000 08:06 1315292                    /lib/x86_64-linux-gnu/librt-2.19.so
7f67fbcb9000-7f67fbeb8000 ---p 00007000 08:06 1315292                    /lib/x86_64-linux-gnu/librt-2.19.so
7f67fbeb8000-7f67fbeb9000 r--p 00006000 08:06 1315292                    /lib/x86_64-linux-gnu/librt-2.19.so
7f67fbeb9000-7f67fbeba000 rw-p 00007000 08:06 1315292                    /lib/x86_64-linux-gnu/librt-2.19.so
7f67fbeba000-7f67fbed0000 r-xp 00000000 08:06 1315191                    /lib/x86_64-linux-gnu/libgcc_s.so.1
7f67fbed0000-7f67fc0cf000 ---p 00016000 08:06 1315191                    /lib/x86_64-linux-gnu/libgcc_s.so.1
7f67fc0cf000-7f67fc0d0000 rw-p 00015000 08:06 1315191                    /lib/x86_64-linux-gnu/libgcc_s.so.1
7f67fc0d0000-7f67fc1d5000 r-xp 00000000 08:06 1315214                    /lib/x86_64-linux-gnu/libm-2.19.so
7f67fc1d5000-7f67fc3d4000 ---p 00105000 08:06 1315214                    /lib/x86_64-linux-gnu/libm-2.19.so
7f67fc3d4000-7f67fc3d5000 r--p 00104000 08:06 1315214                    /lib/x86_64-linux-gnu/libm-2.19.so
7f67fc3d5000-7f67fc3d6000 rw-p 00105000 08:06 1315214                    /lib/x86_64-linux-gnu/libm-2.19.so
7f67fc3d6000-7f67fc4bc000 r-xp 00000000 08:06 655538                     /usr/lib/x86_64-linux-gnu/libstdc++.so.6.0.19
7f67fc4bc000-7f67fc6bb000 ---p 000e6000 08:06 655538                     /usr/lib/x86_64-linux-gnu/libstdc++.so.6.0.19
7f67fc6bb000-7f67fc6c3000 r--p 000e5000 08:06 655538                     /usr/lib/x86_64-linux-gnu/libstdc++.so.6.0.19
7f67fc6c3000-7f67fc6c5000 rw-p 000ed000 08:06 655538                     /usr/lib/x86_64-linux-gnu/libstdc++.so.6.0.19
7f67fc6c5000-7f67fc6da000 rw-p 00000000 00:00 0 
7f67fc6da000-7f67fd1ff000 r-xp 00000000 08:06 669280                     /usr/lib/jvm/java-7-openjdk-amd64/jre/lib/amd64/server/libjvm.so
7f67fd1ff000-7f67fd3ff000 ---p 00b25000 08:06 669280                     /usr/lib/jvm/java-7-openjdk-amd64/jre/lib/amd64/server/libjvm.so
7f67fd3ff000-7f67fd499000 r--p 00b25000 08:06 669280                     /usr/lib/jvm/java-7-openjdk-amd64/jre/lib/amd64/server/libjvm.so
7f67fd499000-7f67fd4bc000 rw-p 00bbf000 08:06 669280                     /usr/lib/jvm/java-7-openjdk-amd64/jre/lib/amd64/server/libjvm.so
7f67fd4bc000-7f67fd4eb000 rw-p 00000000 00:00 0 
7f67fd4eb000-7f67fd503000 r-xp 00000000 08:06 1315327                    /lib/x86_64-linux-gnu/libz.so.1.2.8
7f67fd503000-7f67fd702000 ---p 00018000 08:06 1315327                    /lib/x86_64-linux-gnu/libz.so.1.2.8
7f67fd702000-7f67fd703000 r--p 00017000 08:06 1315327                    /lib/x86_64-linux-gnu/libz.so.1.2.8
7f67fd703000-7f67fd704000 rw-p 00018000 08:06 1315327                    /lib/x86_64-linux-gnu/libz.so.1.2.8
7f67fd704000-7f67fd71d000 r-xp 00000000 08:06 1315284                    /lib/x86_64-linux-gnu/libpthread-2.19.so
7f67fd71d000-7f67fd91c000 ---p 00019000 08:06 1315284                    /lib/x86_64-linux-gnu/libpthread-2.19.so
7f67fd91c000-7f67fd91d000 r--p 00018000 08:06 1315284                    /lib/x86_64-linux-gnu/libpthread-2.19.so
7f67fd91d000-7f67fd91e000 rw-p 00019000 08:06 1315284                    /lib/x86_64-linux-gnu/libpthread-2.19.so
7f67fd91e000-7f67fd922000 rw-p 00000000 00:00 0 
7f67fd922000-7f67fd925000 r-xp 00000000 08:06 1315181                    /lib/x86_64-linux-gnu/libdl-2.19.so
7f67fd925000-7f67fdb24000 ---p 00003000 08:06 1315181                    /lib/x86_64-linux-gnu/libdl-2.19.so
7f67fdb24000-7f67fdb25000 r--p 00002000 08:06 1315181                    /lib/x86_64-linux-gnu/libdl-2.19.so
7f67fdb25000-7f67fdb26000 rw-p 00003000 08:06 1315181                    /lib/x86_64-linux-gnu/libdl-2.19.so
7f67fdb26000-7f67fdce1000 r-xp 00000000 08:06 1315164                    /lib/x86_64-linux-gnu/libc-2.19.so
7f67fdce1000-7f67fdee0000 ---p 001bb000 08:06 1315164                    /lib/x86_64-linux-gnu/libc-2.19.so
7f67fdee0000-7f67fdee4000 r--p 001ba000 08:06 1315164                    /lib/x86_64-linux-gnu/libc-2.19.so
7f67fdee4000-7f67fdee6000 rw-p 001be000 08:06 1315164                    /lib/x86_64-linux-gnu/libc-2.19.so
7f67fdee6000-7f67fdeeb000 rw-p 00000000 00:00 0 
7f67fdeeb000-7f67fdef8000 r-xp 00000000 08:06 669297                     /usr/lib/jvm/java-7-openjdk-amd64/jre/lib/amd64/jli/libjli.so
7f67fdef8000-7f67fe0f7000 ---p 0000d000 08:06 669297                     /usr/lib/jvm/java-7-openjdk-amd64/jre/lib/amd64/jli/libjli.so
7f67fe0f7000-7f67fe0f8000 r--p 0000c000 08:06 669297                     /usr/lib/jvm/java-7-openjdk-amd64/jre/lib/amd64/jli/libjli.so
7f67fe0f8000-7f67fe0f9000 rw-p 0000d000 08:06 669297                     /usr/lib/jvm/java-7-openjdk-amd64/jre/lib/amd64/jli/libjli.so
7f67fe0f9000-7f67fe11c000 r-xp 00000000 08:06 1315140                    /lib/x86_64-linux-gnu/ld-2.19.so
7f67fe1ff000-7f67fe202000 ---p 00000000 00:00 0 
7f67fe202000-7f67fe305000 rw-p 00000000 00:00 0                          [stack:3632]
7f67fe30d000-7f67fe30f000 rw-p 00000000 00:00 0 
7f67fe30f000-7f67fe317000 rw-s 00000000 08:06 524340                     /tmp/hsperfdata_pranav/3631
7f67fe317000-7f67fe318000 rw-p 00000000 00:00 0 
7f67fe318000-7f67fe319000 r--p 00000000 00:00 0 
7f67fe319000-7f67fe31b000 rw-p 00000000 00:00 0 
7f67fe31b000-7f67fe31c000 r--p 00022000 08:06 1315140                    /lib/x86_64-linux-gnu/ld-2.19.so
7f67fe31c000-7f67fe31d000 rw-p 00023000 08:06 1315140                    /lib/x86_64-linux-gnu/ld-2.19.so
7f67fe31d000-7f67fe31e000 rw-p 00000000 00:00 0 
7fffcce63000-7fffcce84000 rw-p 00000000 00:00 0                          [stack]
7fffcceb5000-7fffcceb7000 r--p 00000000 00:00 0                          [vvar]
7fffcceb7000-7fffcceb9000 r-xp 00000000 00:00 0                          [vdso]
ffffffffff600000-ffffffffff601000 r-xp 00000000 00:00 0                  [vsyscall]

VM Arguments:
jvm_args: -Xms1024m -Xmx1024m -XX:ReservedCodeCacheSize=128m -XX:MaxPermSize=256m 
java_command: /usr/share/sbt-launcher-packaging/bin/sbt-launch.jar
Launcher Type: SUN_STANDARD

Environment Variables:
PATH=/usr/local/sbin:/usr/local/bin:/usr/sbin:/usr/bin:/sbin:/bin:/usr/games:/usr/local/games
SHELL=/bin/bash
DISPLAY=:0

Signal Handlers:
SIGSEGV: [libjvm.so+0x9561e0], sa_mask[0]=0x7ffbfeff, sa_flags=0x10000004
SIGBUS: [libjvm.so+0x9561e0], sa_mask[0]=0x7ffbfeff, sa_flags=0x10000004
SIGFPE: [libjvm.so+0x7cc4d0], sa_mask[0]=0x7ffbfeff, sa_flags=0x10000004
SIGPIPE: [libjvm.so+0x7cc4d0], sa_mask[0]=0x7ffbfeff, sa_flags=0x10000004
SIGXFSZ: [libjvm.so+0x7cc4d0], sa_mask[0]=0x7ffbfeff, sa_flags=0x10000004
SIGILL: [libjvm.so+0x7cc4d0], sa_mask[0]=0x7ffbfeff, sa_flags=0x10000004
SIGUSR1: SIG_DFL, sa_mask[0]=0x00000000, sa_flags=0x00000000
SIGUSR2: [libjvm.so+0x7cc370], sa_mask[0]=0x00000000, sa_flags=0x10000004
SIGHUP: SIG_DFL, sa_mask[0]=0x00000000, sa_flags=0x00000000
SIGINT: SIG_DFL, sa_mask[0]=0x00000000, sa_flags=0x00000000
SIGTERM: SIG_DFL, sa_mask[0]=0x00000000, sa_flags=0x00000000
SIGQUIT: SIG_DFL, sa_mask[0]=0x00000000, sa_flags=0x00000000
SIGTRAP: SIG_DFL, sa_mask[0]=0x00000000, sa_flags=0x00000000


---------------  S Y S T E M  ---------------

OS:Ubuntu 14.04 (trusty)
uname:Linux 3.19.0-25-generic #26~14.04.1-Ubuntu SMP Fri Jul 24 21:16:20 UTC 2015 x86_64
libc:glibc 2.19 NPTL 2.19 
rlimit: STACK 8192k, CORE 0k, NPROC 7067, NOFILE 4096, AS infinity
load average:0.85 0.63 0.56

/proc/meminfo:
MemTotal:        1830540 kB
MemFree:          109020 kB
MemAvailable:      83808 kB
Buffers:            5472 kB
Cached:           214716 kB
SwapCached:        28000 kB
Active:          1195344 kB
Inactive:         406632 kB
Active(anon):    1132416 kB
Inactive(anon):   371292 kB
Active(file):      62928 kB
Inactive(file):    35340 kB
Unevictable:          32 kB
Mlocked:              32 kB
SwapTotal:       1943548 kB
SwapFree:         297852 kB
Dirty:                68 kB
Writeback:             0 kB
AnonPages:       1353908 kB
Mapped:            85096 kB
Shmem:            121876 kB
Slab:              45780 kB
SReclaimable:      20240 kB
SUnreclaim:        25540 kB
KernelStack:        7632 kB
PageTables:        33664 kB
NFS_Unstable:          0 kB
Bounce:                0 kB
WritebackTmp:          0 kB
CommitLimit:     2858816 kB
Committed_AS:    7452260 kB
VmallocTotal:   34359738367 kB
VmallocUsed:      541764 kB
VmallocChunk:   34359187932 kB
HardwareCorrupted:     0 kB
AnonHugePages:    385024 kB
CmaTotal:              0 kB
CmaFree:               0 kB
HugePages_Total:       0
HugePages_Free:        0
HugePages_Rsvd:        0
HugePages_Surp:        0
Hugepagesize:       2048 kB
DirectMap4k:       86272 kB
DirectMap2M:     1859584 kB


CPU:total 2 (2 cores per cpu, 1 threads per core) family 6 model 42 stepping 7, cmov, cx8, fxsr, mmx, sse, sse2, sse3, ssse3, sse4.1, sse4.2, popcnt, tsc, tscinvbit

/proc/cpuinfo:
processor	: 0
vendor_id	: GenuineIntel
cpu family	: 6
model		: 42
model name	: Intel(R) Pentium(R) CPU B950 @ 2.10GHz
stepping	: 7
microcode	: 0x25
cpu MHz		: 899.718
cache size	: 2048 KB
physical id	: 0
siblings	: 2
core id		: 0
cpu cores	: 2
apicid		: 0
initial apicid	: 0
fpu		: yes
fpu_exception	: yes
cpuid level	: 13
wp		: yes
flags		: fpu vme de pse tsc msr pae mce cx8 apic sep mtrr pge mca cmov pat pse36 clflush dts acpi mmx fxsr sse sse2 ss ht tm pbe syscall nx rdtscp lm constant_tsc arch_perfmon pebs bts rep_good nopl xtopology nonstop_tsc aperfmperf eagerfpu pni pclmulqdq dtes64 monitor ds_cpl est tm2 ssse3 cx16 xtpr pdcm pcid sse4_1 sse4_2 x2apic popcnt tsc_deadline_timer xsave lahf_lm arat epb pln pts dtherm xsaveopt
bugs		:
bogomips	: 4190.53
clflush size	: 64
cache_alignment	: 64
address sizes	: 36 bits physical, 48 bits virtual
power management:

processor	: 1
vendor_id	: GenuineIntel
cpu family	: 6
model		: 42
model name	: Intel(R) Pentium(R) CPU B950 @ 2.10GHz
stepping	: 7
microcode	: 0x25
cpu MHz		: 909.644
cache size	: 2048 KB
physical id	: 0
siblings	: 2
core id		: 1
cpu cores	: 2
apicid		: 2
initial apicid	: 2
fpu		: yes
fpu_exception	: yes
cpuid level	: 13
wp		: yes
flags		: fpu vme de pse tsc msr pae mce cx8 apic sep mtrr pge mca cmov pat pse36 clflush dts acpi mmx fxsr sse sse2 ss ht tm pbe syscall nx rdtscp lm constant_tsc arch_perfmon pebs bts rep_good nopl xtopology nonstop_tsc aperfmperf eagerfpu pni pclmulqdq dtes64 monitor ds_cpl est tm2 ssse3 cx16 xtpr pdcm pcid sse4_1 sse4_2 x2apic popcnt tsc_deadline_timer xsave lahf_lm arat epb pln pts dtherm xsaveopt
bugs		:
bogomips	: 4190.53
clflush size	: 64
cache_alignment	: 64
address sizes	: 36 bits physical, 48 bits virtual
power management:



Memory: 4k page, physical 1830540k(109020k free), swap 1943548k(297852k free)

vm_info: OpenJDK 64-Bit Server VM (24.95-b01) for linux-amd64 JRE (1.7.0_101-b00), built on Apr 24 2016 20:39:29 by "buildd" with gcc 4.8.2

time: Tue May 24 02:14:55 2016
elapsed time: 0 seconds

