#
# There is insufficient memory for the Java Runtime Environment to continue.
# Native memory allocation (malloc) failed to allocate 715849728 bytes for committing reserved memory.
# Possible reasons:
#   The system is out of physical RAM or swap space
#   In 32 bit mode, the process size limit was hit
# Possible solutions:
#   Reduce memory load on the system
#   Increase physical memory or swap space
#   Check if swap backing store is full
#   Use 64 bit Java on a 64 bit OS
#   Decrease Java heap size (-Xmx/-Xms)
#   Decrease number of Java threads
#   Decrease Java thread stack sizes (-Xss)
#   Set larger code cache with -XX:ReservedCodeCacheSize=
# This output file may be truncated or incomplete.
#
#  Out of Memory Error (os_linux.cpp:2827), pid=3695, tid=139866244110080
#
# JRE version:  (7.0_101) (build )
# Java VM: OpenJDK 64-Bit Server VM (24.95-b01 mixed mode linux-amd64 compressed oops)
# Derivative: IcedTea 2.6.6
# Distribution: Ubuntu 14.04 LTS, package 7u101-2.6.6-0ubuntu0.14.04.1
# Failed to write core dump. Core dumps have been disabled. To enable core dumping, try "ulimit -c unlimited" before starting Java again
#

---------------  T H R E A D  ---------------

Current thread (0x00007f351c00a000):  JavaThread "Unknown thread" [_thread_in_vm, id=3696, stack(0x00007f3525bbd000,0x00007f3525cbe000)]

Stack: [0x00007f3525bbd000,0x00007f3525cbe000],  sp=0x00007f3525cbc380,  free space=1020k
Native frames: (J=compiled Java code, j=interpreted, Vv=VM code, C=native code)
V  [libjvm.so+0x955705]
V  [libjvm.so+0x490c44]
V  [libjvm.so+0x7d0c9b]
V  [libjvm.so+0x7cb75f]
V  [libjvm.so+0x9525f4]
V  [libjvm.so+0x568eeb]
V  [libjvm.so+0x901123]
V  [libjvm.so+0x5699f9]
V  [libjvm.so+0x55bc52]
V  [libjvm.so+0x9260f7]
V  [libjvm.so+0x926427]
V  [libjvm.so+0x5a3dc5]
V  [libjvm.so+0x90be4f]
V  [libjvm.so+0x60fb54]  JNI_CreateJavaVM+0x54
C  [libjli.so+0x2b48]


---------------  P R O C E S S  ---------------

Java Threads: ( => current thread )

Other Threads:

=>0x00007f351c00a000 (exited) JavaThread "Unknown thread" [_thread_in_vm, id=3696, stack(0x00007f3525bbd000,0x00007f3525cbe000)]

VM state:not at safepoint (not fully initialized)

VM Mutex/Monitor currently owned by a thread: None

GC Heap History (0 events):
No events

Deoptimization events (0 events):
No events

Internal exceptions (0 events):
No events

Events (0 events):
No events


Dynamic libraries:
00400000-00401000 r-xp 00000000 08:06 669251                             /usr/lib/jvm/java-7-openjdk-amd64/jre/bin/java
00600000-00601000 r--p 00000000 08:06 669251                             /usr/lib/jvm/java-7-openjdk-amd64/jre/bin/java
00601000-00602000 rw-p 00001000 08:06 669251                             /usr/lib/jvm/java-7-openjdk-amd64/jre/bin/java
01975000-01996000 rw-p 00000000 00:00 0                                  [heap]
b0000000-c5550000 rw-p 00000000 00:00 0 
f0000000-100000000 rw-p 00000000 00:00 0 
7f3514000000-7f3514270000 rwxp 00000000 00:00 0 
7f3514270000-7f351c024000 rw-p 00000000 00:00 0 
7f351c024000-7f3520000000 ---p 00000000 00:00 0 
7f352236a000-7f3522415000 rw-p 00000000 00:00 0 
7f3522415000-7f35225ea000 rw-p 00000000 00:00 0 
7f35225ea000-7f35225f5000 rw-p 00000000 00:00 0 
7f35225f5000-7f35227eb000 rw-p 00000000 00:00 0 
7f35227eb000-7f35227f3000 r-xp 00000000 08:06 669282                     /usr/lib/jvm/java-7-openjdk-amd64/jre/lib/amd64/libzip.so
7f35227f3000-7f35229f2000 ---p 00008000 08:06 669282                     /usr/lib/jvm/java-7-openjdk-amd64/jre/lib/amd64/libzip.so
7f35229f2000-7f35229f3000 r--p 00007000 08:06 669282                     /usr/lib/jvm/java-7-openjdk-amd64/jre/lib/amd64/libzip.so
7f35229f3000-7f35229f4000 rw-p 00008000 08:06 669282                     /usr/lib/jvm/java-7-openjdk-amd64/jre/lib/amd64/libzip.so
7f35229f4000-7f35229ff000 r-xp 00000000 08:06 1315239                    /lib/x86_64-linux-gnu/libnss_files-2.19.so
7f35229ff000-7f3522bfe000 ---p 0000b000 08:06 1315239                    /lib/x86_64-linux-gnu/libnss_files-2.19.so
7f3522bfe000-7f3522bff000 r--p 0000a000 08:06 1315239                    /lib/x86_64-linux-gnu/libnss_files-2.19.so
7f3522bff000-7f3522c00000 rw-p 0000b000 08:06 1315239                    /lib/x86_64-linux-gnu/libnss_files-2.19.so
7f3522c00000-7f3522c0b000 r-xp 00000000 08:06 1315249                    /lib/x86_64-linux-gnu/libnss_nis-2.19.so
7f3522c0b000-7f3522e0a000 ---p 0000b000 08:06 1315249                    /lib/x86_64-linux-gnu/libnss_nis-2.19.so
7f3522e0a000-7f3522e0b000 r--p 0000a000 08:06 1315249                    /lib/x86_64-linux-gnu/libnss_nis-2.19.so
7f3522e0b000-7f3522e0c000 rw-p 0000b000 08:06 1315249                    /lib/x86_64-linux-gnu/libnss_nis-2.19.so
7f3522e0c000-7f3522e23000 r-xp 00000000 08:06 1315233                    /lib/x86_64-linux-gnu/libnsl-2.19.so
7f3522e23000-7f3523022000 ---p 00017000 08:06 1315233                    /lib/x86_64-linux-gnu/libnsl-2.19.so
7f3523022000-7f3523023000 r--p 00016000 08:06 1315233                    /lib/x86_64-linux-gnu/libnsl-2.19.so
7f3523023000-7f3523024000 rw-p 00017000 08:06 1315233                    /lib/x86_64-linux-gnu/libnsl-2.19.so
7f3523024000-7f3523026000 rw-p 00000000 00:00 0 
7f3523026000-7f352302f000 r-xp 00000000 08:06 1315235                    /lib/x86_64-linux-gnu/libnss_compat-2.19.so
7f352302f000-7f352322e000 ---p 00009000 08:06 1315235                    /lib/x86_64-linux-gnu/libnss_compat-2.19.so
7f352322e000-7f352322f000 r--p 00008000 08:06 1315235                    /lib/x86_64-linux-gnu/libnss_compat-2.19.so
7f352322f000-7f3523230000 rw-p 00009000 08:06 1315235                    /lib/x86_64-linux-gnu/libnss_compat-2.19.so
7f3523230000-7f352325b000 r-xp 00000000 08:06 669267                     /usr/lib/jvm/java-7-openjdk-amd64/jre/lib/amd64/libjava.so
7f352325b000-7f352345b000 ---p 0002b000 08:06 669267                     /usr/lib/jvm/java-7-openjdk-amd64/jre/lib/amd64/libjava.so
7f352345b000-7f352345c000 r--p 0002b000 08:06 669267                     /usr/lib/jvm/java-7-openjdk-amd64/jre/lib/amd64/libjava.so
7f352345c000-7f352345e000 rw-p 0002c000 08:06 669267                     /usr/lib/jvm/java-7-openjdk-amd64/jre/lib/amd64/libjava.so
7f352345e000-7f352346e000 r-xp 00000000 08:06 669268                     /usr/lib/jvm/java-7-openjdk-amd64/jre/lib/amd64/libverify.so
7f352346e000-7f352366d000 ---p 00010000 08:06 669268                     /usr/lib/jvm/java-7-openjdk-amd64/jre/lib/amd64/libverify.so
7f352366d000-7f352366f000 r--p 0000f000 08:06 669268                     /usr/lib/jvm/java-7-openjdk-amd64/jre/lib/amd64/libverify.so
7f352366f000-7f3523670000 rw-p 00011000 08:06 669268                     /usr/lib/jvm/java-7-openjdk-amd64/jre/lib/amd64/libverify.so
7f3523670000-7f3523677000 r-xp 00000000 08:06 1315292                    /lib/x86_64-linux-gnu/librt-2.19.so
7f3523677000-7f3523876000 ---p 00007000 08:06 1315292                    /lib/x86_64-linux-gnu/librt-2.19.so
7f3523876000-7f3523877000 r--p 00006000 08:06 1315292                    /lib/x86_64-linux-gnu/librt-2.19.so
7f3523877000-7f3523878000 rw-p 00007000 08:06 1315292                    /lib/x86_64-linux-gnu/librt-2.19.so
7f3523878000-7f352388e000 r-xp 00000000 08:06 1315191                    /lib/x86_64-linux-gnu/libgcc_s.so.1
7f352388e000-7f3523a8d000 ---p 00016000 08:06 1315191                    /lib/x86_64-linux-gnu/libgcc_s.so.1
7f3523a8d000-7f3523a8e000 rw-p 00015000 08:06 1315191                    /lib/x86_64-linux-gnu/libgcc_s.so.1
7f3523a8e000-7f3523b93000 r-xp 00000000 08:06 1315214                    /lib/x86_64-linux-gnu/libm-2.19.so
7f3523b93000-7f3523d92000 ---p 00105000 08:06 1315214                    /lib/x86_64-linux-gnu/libm-2.19.so
7f3523d92000-7f3523d93000 r--p 00104000 08:06 1315214                    /lib/x86_64-linux-gnu/libm-2.19.so
7f3523d93000-7f3523d94000 rw-p 00105000 08:06 1315214                    /lib/x86_64-linux-gnu/libm-2.19.so
7f3523d94000-7f3523e7a000 r-xp 00000000 08:06 655538                     /usr/lib/x86_64-linux-gnu/libstdc++.so.6.0.19
7f3523e7a000-7f3524079000 ---p 000e6000 08:06 655538                     /usr/lib/x86_64-linux-gnu/libstdc++.so.6.0.19
7f3524079000-7f3524081000 r--p 000e5000 08:06 655538                     /usr/lib/x86_64-linux-gnu/libstdc++.so.6.0.19
7f3524081000-7f3524083000 rw-p 000ed000 08:06 655538                     /usr/lib/x86_64-linux-gnu/libstdc++.so.6.0.19
7f3524083000-7f3524098000 rw-p 00000000 00:00 0 
7f3524098000-7f3524bbd000 r-xp 00000000 08:06 669280                     /usr/lib/jvm/java-7-openjdk-amd64/jre/lib/amd64/server/libjvm.so
7f3524bbd000-7f3524dbd000 ---p 00b25000 08:06 669280                     /usr/lib/jvm/java-7-openjdk-amd64/jre/lib/amd64/server/libjvm.so
7f3524dbd000-7f3524e57000 r--p 00b25000 08:06 669280                     /usr/lib/jvm/java-7-openjdk-amd64/jre/lib/amd64/server/libjvm.so
7f3524e57000-7f3524e7a000 rw-p 00bbf000 08:06 669280                     /usr/lib/jvm/java-7-openjdk-amd64/jre/lib/amd64/server/libjvm.so
7f3524e7a000-7f3524ea9000 rw-p 00000000 00:00 0 
7f3524ea9000-7f3524ec1000 r-xp 00000000 08:06 1315327                    /lib/x86_64-linux-gnu/libz.so.1.2.8
7f3524ec1000-7f35250c0000 ---p 00018000 08:06 1315327                    /lib/x86_64-linux-gnu/libz.so.1.2.8
7f35250c0000-7f35250c1000 r--p 00017000 08:06 1315327                    /lib/x86_64-linux-gnu/libz.so.1.2.8
7f35250c1000-7f35250c2000 rw-p 00018000 08:06 1315327                    /lib/x86_64-linux-gnu/libz.so.1.2.8
7f35250c2000-7f35250db000 r-xp 00000000 08:06 1315284                    /lib/x86_64-linux-gnu/libpthread-2.19.so
7f35250db000-7f35252da000 ---p 00019000 08:06 1315284                    /lib/x86_64-linux-gnu/libpthread-2.19.so
7f35252da000-7f35252db000 r--p 00018000 08:06 1315284                    /lib/x86_64-linux-gnu/libpthread-2.19.so
7f35252db000-7f35252dc000 rw-p 00019000 08:06 1315284                    /lib/x86_64-linux-gnu/libpthread-2.19.so
7f35252dc000-7f35252e0000 rw-p 00000000 00:00 0 
7f35252e0000-7f35252e3000 r-xp 00000000 08:06 1315181                    /lib/x86_64-linux-gnu/libdl-2.19.so
7f35252e3000-7f35254e2000 ---p 00003000 08:06 1315181                    /lib/x86_64-linux-gnu/libdl-2.19.so
7f35254e2000-7f35254e3000 r--p 00002000 08:06 1315181                    /lib/x86_64-linux-gnu/libdl-2.19.so
7f35254e3000-7f35254e4000 rw-p 00003000 08:06 1315181                    /lib/x86_64-linux-gnu/libdl-2.19.so
7f35254e4000-7f352569f000 r-xp 00000000 08:06 1315164                    /lib/x86_64-linux-gnu/libc-2.19.so
7f352569f000-7f352589e000 ---p 001bb000 08:06 1315164                    /lib/x86_64-linux-gnu/libc-2.19.so
7f352589e000-7f35258a2000 r--p 001ba000 08:06 1315164                    /lib/x86_64-linux-gnu/libc-2.19.so
7f35258a2000-7f35258a4000 rw-p 001be000 08:06 1315164                    /lib/x86_64-linux-gnu/libc-2.19.so
7f35258a4000-7f35258a9000 rw-p 00000000 00:00 0 
7f35258a9000-7f35258b6000 r-xp 00000000 08:06 669297                     /usr/lib/jvm/java-7-openjdk-amd64/jre/lib/amd64/jli/libjli.so
7f35258b6000-7f3525ab5000 ---p 0000d000 08:06 669297                     /usr/lib/jvm/java-7-openjdk-amd64/jre/lib/amd64/jli/libjli.so
7f3525ab5000-7f3525ab6000 r--p 0000c000 08:06 669297                     /usr/lib/jvm/java-7-openjdk-amd64/jre/lib/amd64/jli/libjli.so
7f3525ab6000-7f3525ab7000 rw-p 0000d000 08:06 669297                     /usr/lib/jvm/java-7-openjdk-amd64/jre/lib/amd64/jli/libjli.so
7f3525ab7000-7f3525ada000 r-xp 00000000 08:06 1315140                    /lib/x86_64-linux-gnu/ld-2.19.so
7f3525bbd000-7f3525bc0000 ---p 00000000 00:00 0 
7f3525bc0000-7f3525cc3000 rw-p 00000000 00:00 0                          [stack:3696]
7f3525ccb000-7f3525ccd000 rw-p 00000000 00:00 0 
7f3525ccd000-7f3525cd5000 rw-s 00000000 08:06 524340                     /tmp/hsperfdata_pranav/3695
7f3525cd5000-7f3525cd6000 rw-p 00000000 00:00 0 
7f3525cd6000-7f3525cd7000 r--p 00000000 00:00 0 
7f3525cd7000-7f3525cd9000 rw-p 00000000 00:00 0 
7f3525cd9000-7f3525cda000 r--p 00022000 08:06 1315140                    /lib/x86_64-linux-gnu/ld-2.19.so
7f3525cda000-7f3525cdb000 rw-p 00023000 08:06 1315140                    /lib/x86_64-linux-gnu/ld-2.19.so
7f3525cdb000-7f3525cdc000 rw-p 00000000 00:00 0 
7ffdacdc5000-7ffdacde6000 rw-p 00000000 00:00 0                          [stack]
7ffdacdf7000-7ffdacdf9000 r--p 00000000 00:00 0                          [vvar]
7ffdacdf9000-7ffdacdfb000 r-xp 00000000 00:00 0                          [vdso]
ffffffffff600000-ffffffffff601000 r-xp 00000000 00:00 0                  [vsyscall]

VM Arguments:
jvm_args: -Xms1024m -Xmx1024m -XX:ReservedCodeCacheSize=128m -XX:MaxPermSize=256m 
java_command: /usr/share/sbt-launcher-packaging/bin/sbt-launch.jar
Launcher Type: SUN_STANDARD

Environment Variables:
PATH=/usr/local/sbin:/usr/local/bin:/usr/sbin:/usr/bin:/sbin:/bin:/usr/games:/usr/local/games
SHELL=/bin/bash
DISPLAY=:0

Signal Handlers:
SIGSEGV: [libjvm.so+0x9561e0], sa_mask[0]=0x7ffbfeff, sa_flags=0x10000004
SIGBUS: [libjvm.so+0x9561e0], sa_mask[0]=0x7ffbfeff, sa_flags=0x10000004
SIGFPE: [libjvm.so+0x7cc4d0], sa_mask[0]=0x7ffbfeff, sa_flags=0x10000004
SIGPIPE: [libjvm.so+0x7cc4d0], sa_mask[0]=0x7ffbfeff, sa_flags=0x10000004
SIGXFSZ: [libjvm.so+0x7cc4d0], sa_mask[0]=0x7ffbfeff, sa_flags=0x10000004
SIGILL: [libjvm.so+0x7cc4d0], sa_mask[0]=0x7ffbfeff, sa_flags=0x10000004
SIGUSR1: SIG_DFL, sa_mask[0]=0x00000000, sa_flags=0x00000000
SIGUSR2: [libjvm.so+0x7cc370], sa_mask[0]=0x00000000, sa_flags=0x10000004
SIGHUP: SIG_DFL, sa_mask[0]=0x00000000, sa_flags=0x00000000
SIGINT: SIG_DFL, sa_mask[0]=0x00000000, sa_flags=0x00000000
SIGTERM: SIG_DFL, sa_mask[0]=0x00000000, sa_flags=0x00000000
SIGQUIT: SIG_DFL, sa_mask[0]=0x00000000, sa_flags=0x00000000
SIGTRAP: SIG_DFL, sa_mask[0]=0x00000000, sa_flags=0x00000000


---------------  S Y S T E M  ---------------

OS:Ubuntu 14.04 (trusty)
uname:Linux 3.19.0-25-generic #26~14.04.1-Ubuntu SMP Fri Jul 24 21:16:20 UTC 2015 x86_64
libc:glibc 2.19 NPTL 2.19 
rlimit: STACK 8192k, CORE 0k, NPROC 7067, NOFILE 4096, AS infinity
load average:0.53 0.59 0.55

/proc/meminfo:
MemTotal:        1830540 kB
MemFree:          112648 kB
MemAvailable:      87688 kB
Buffers:            6688 kB
Cached:           221252 kB
SwapCached:        32916 kB
Active:          1224480 kB
Inactive:         373664 kB
Active(anon):    1154388 kB
Inactive(anon):   344984 kB
Active(file):      70092 kB
Inactive(file):    28680 kB
Unevictable:          32 kB
Mlocked:              32 kB
SwapTotal:       1943548 kB
SwapFree:         291424 kB
Dirty:               320 kB
Writeback:             0 kB
AnonPages:       1337336 kB
Mapped:            85684 kB
Shmem:            129164 kB
Slab:              45764 kB
SReclaimable:      20240 kB
SUnreclaim:        25524 kB
KernelStack:        7552 kB
PageTables:        33652 kB
NFS_Unstable:          0 kB
Bounce:                0 kB
WritebackTmp:          0 kB
CommitLimit:     2858816 kB
Committed_AS:    7456752 kB
VmallocTotal:   34359738367 kB
VmallocUsed:      541764 kB
VmallocChunk:   34359187932 kB
HardwareCorrupted:     0 kB
AnonHugePages:    385024 kB
CmaTotal:              0 kB
CmaFree:               0 kB
HugePages_Total:       0
HugePages_Free:        0
HugePages_Rsvd:        0
HugePages_Surp:        0
Hugepagesize:       2048 kB
DirectMap4k:       86272 kB
DirectMap2M:     1859584 kB


CPU:total 2 (2 cores per cpu, 1 threads per core) family 6 model 42 stepping 7, cmov, cx8, fxsr, mmx, sse, sse2, sse3, ssse3, sse4.1, sse4.2, popcnt, tsc, tscinvbit

/proc/cpuinfo:
processor	: 0
vendor_id	: GenuineIntel
cpu family	: 6
model		: 42
model name	: Intel(R) Pentium(R) CPU B950 @ 2.10GHz
stepping	: 7
microcode	: 0x25
cpu MHz		: 1685.578
cache size	: 2048 KB
physical id	: 0
siblings	: 2
core id		: 0
cpu cores	: 2
apicid		: 0
initial apicid	: 0
fpu		: yes
fpu_exception	: yes
cpuid level	: 13
wp		: yes
flags		: fpu vme de pse tsc msr pae mce cx8 apic sep mtrr pge mca cmov pat pse36 clflush dts acpi mmx fxsr sse sse2 ss ht tm pbe syscall nx rdtscp lm constant_tsc arch_perfmon pebs bts rep_good nopl xtopology nonstop_tsc aperfmperf eagerfpu pni pclmulqdq dtes64 monitor ds_cpl est tm2 ssse3 cx16 xtpr pdcm pcid sse4_1 sse4_2 x2apic popcnt tsc_deadline_timer xsave lahf_lm arat epb pln pts dtherm xsaveopt
bugs		:
bogomips	: 4190.53
clflush size	: 64
cache_alignment	: 64
address sizes	: 36 bits physical, 48 bits virtual
power management:

processor	: 1
vendor_id	: GenuineIntel
cpu family	: 6
model		: 42
model name	: Intel(R) Pentium(R) CPU B950 @ 2.10GHz
stepping	: 7
microcode	: 0x25
cpu MHz		: 1998.773
cache size	: 2048 KB
physical id	: 0
siblings	: 2
core id		: 1
cpu cores	: 2
apicid		: 2
initial apicid	: 2
fpu		: yes
fpu_exception	: yes
cpuid level	: 13
wp		: yes
flags		: fpu vme de pse tsc msr pae mce cx8 apic sep mtrr pge mca cmov pat pse36 clflush dts acpi mmx fxsr sse sse2 ss ht tm pbe syscall nx rdtscp lm constant_tsc arch_perfmon pebs bts rep_good nopl xtopology nonstop_tsc aperfmperf eagerfpu pni pclmulqdq dtes64 monitor ds_cpl est tm2 ssse3 cx16 xtpr pdcm pcid sse4_1 sse4_2 x2apic popcnt tsc_deadline_timer xsave lahf_lm arat epb pln pts dtherm xsaveopt
bugs		:
bogomips	: 4190.53
clflush size	: 64
cache_alignment	: 64
address sizes	: 36 bits physical, 48 bits virtual
power management:



Memory: 4k page, physical 1830540k(112648k free), swap 1943548k(291424k free)

vm_info: OpenJDK 64-Bit Server VM (24.95-b01) for linux-amd64 JRE (1.7.0_101-b00), built on Apr 24 2016 20:39:29 by "buildd" with gcc 4.8.2

time: Tue May 24 02:15:42 2016
elapsed time: 0 seconds

