#
# There is insufficient memory for the Java Runtime Environment to continue.
# Native memory allocation (malloc) failed to allocate 357892096 bytes for committing reserved memory.
# Possible reasons:
#   The system is out of physical RAM or swap space
#   In 32 bit mode, the process size limit was hit
# Possible solutions:
#   Reduce memory load on the system
#   Increase physical memory or swap space
#   Check if swap backing store is full
#   Use 64 bit Java on a 64 bit OS
#   Decrease Java heap size (-Xmx/-Xms)
#   Decrease number of Java threads
#   Decrease Java thread stack sizes (-Xss)
#   Set larger code cache with -XX:ReservedCodeCacheSize=
# This output file may be truncated or incomplete.
#
#  Out of Memory Error (os_linux.cpp:2827), pid=4229, tid=140378029610752
#
# JRE version:  (7.0_101) (build )
# Java VM: OpenJDK 64-Bit Server VM (24.95-b01 mixed mode linux-amd64 compressed oops)
# Derivative: IcedTea 2.6.6
# Distribution: Ubuntu 14.04 LTS, package 7u101-2.6.6-0ubuntu0.14.04.1
# Failed to write core dump. Core dumps have been disabled. To enable core dumping, try "ulimit -c unlimited" before starting Java again
#

---------------  T H R E A D  ---------------

Current thread (0x00007fac4800a000):  JavaThread "Unknown thread" [_thread_in_vm, id=4230, stack(0x00007fac4e86d000,0x00007fac4e96e000)]

Stack: [0x00007fac4e86d000,0x00007fac4e96e000],  sp=0x00007fac4e96c440,  free space=1021k
Native frames: (J=compiled Java code, j=interpreted, Vv=VM code, C=native code)
V  [libjvm.so+0x955705]
V  [libjvm.so+0x490c44]
V  [libjvm.so+0x7d0c9b]
V  [libjvm.so+0x7cb75f]
V  [libjvm.so+0x9525f4]
V  [libjvm.so+0x568aa5]
V  [libjvm.so+0x495638]
V  [libjvm.so+0x569df3]
V  [libjvm.so+0x55bc52]
V  [libjvm.so+0x9260f7]
V  [libjvm.so+0x926427]
V  [libjvm.so+0x5a3dc5]
V  [libjvm.so+0x90be4f]
V  [libjvm.so+0x60fb54]  JNI_CreateJavaVM+0x54
C  [libjli.so+0x2b48]


---------------  P R O C E S S  ---------------

Java Threads: ( => current thread )

Other Threads:

=>0x00007fac4800a000 (exited) JavaThread "Unknown thread" [_thread_in_vm, id=4230, stack(0x00007fac4e86d000,0x00007fac4e96e000)]

VM state:not at safepoint (not fully initialized)

VM Mutex/Monitor currently owned by a thread: None

GC Heap History (0 events):
No events

Deoptimization events (0 events):
No events

Internal exceptions (0 events):
No events

Events (0 events):
No events


Dynamic libraries:
00400000-00401000 r-xp 00000000 08:06 669251                             /usr/lib/jvm/java-7-openjdk-amd64/jre/bin/java
00600000-00601000 r--p 00000000 08:06 669251                             /usr/lib/jvm/java-7-openjdk-amd64/jre/bin/java
00601000-00602000 rw-p 00001000 08:06 669251                             /usr/lib/jvm/java-7-openjdk-amd64/jre/bin/java
01f5c000-01f7d000 rw-p 00000000 00:00 0                                  [heap]
c5550000-100000000 rw-p 00000000 00:00 0 
7fac3ef0c000-7fac3f18c000 rw-p 00000000 00:00 0 
7fac3f18c000-7fac3f197000 rw-p 00000000 00:00 0 
7fac3f197000-7fac3f38d000 rw-p 00000000 00:00 0 
7fac3f38d000-7fac3f5fd000 rwxp 00000000 00:00 0 
7fac3f5fd000-7fac4738d000 rw-p 00000000 00:00 0 
7fac4738d000-7fac47395000 r-xp 00000000 08:06 669282                     /usr/lib/jvm/java-7-openjdk-amd64/jre/lib/amd64/libzip.so
7fac47395000-7fac47594000 ---p 00008000 08:06 669282                     /usr/lib/jvm/java-7-openjdk-amd64/jre/lib/amd64/libzip.so
7fac47594000-7fac47595000 r--p 00007000 08:06 669282                     /usr/lib/jvm/java-7-openjdk-amd64/jre/lib/amd64/libzip.so
7fac47595000-7fac47596000 rw-p 00008000 08:06 669282                     /usr/lib/jvm/java-7-openjdk-amd64/jre/lib/amd64/libzip.so
7fac47596000-7fac475a1000 r-xp 00000000 08:06 1315239                    /lib/x86_64-linux-gnu/libnss_files-2.19.so
7fac475a1000-7fac477a0000 ---p 0000b000 08:06 1315239                    /lib/x86_64-linux-gnu/libnss_files-2.19.so
7fac477a0000-7fac477a1000 r--p 0000a000 08:06 1315239                    /lib/x86_64-linux-gnu/libnss_files-2.19.so
7fac477a1000-7fac477a2000 rw-p 0000b000 08:06 1315239                    /lib/x86_64-linux-gnu/libnss_files-2.19.so
7fac477a2000-7fac477ad000 r-xp 00000000 08:06 1315249                    /lib/x86_64-linux-gnu/libnss_nis-2.19.so
7fac477ad000-7fac479ac000 ---p 0000b000 08:06 1315249                    /lib/x86_64-linux-gnu/libnss_nis-2.19.so
7fac479ac000-7fac479ad000 r--p 0000a000 08:06 1315249                    /lib/x86_64-linux-gnu/libnss_nis-2.19.so
7fac479ad000-7fac479ae000 rw-p 0000b000 08:06 1315249                    /lib/x86_64-linux-gnu/libnss_nis-2.19.so
7fac479ae000-7fac479c5000 r-xp 00000000 08:06 1315233                    /lib/x86_64-linux-gnu/libnsl-2.19.so
7fac479c5000-7fac47bc4000 ---p 00017000 08:06 1315233                    /lib/x86_64-linux-gnu/libnsl-2.19.so
7fac47bc4000-7fac47bc5000 r--p 00016000 08:06 1315233                    /lib/x86_64-linux-gnu/libnsl-2.19.so
7fac47bc5000-7fac47bc6000 rw-p 00017000 08:06 1315233                    /lib/x86_64-linux-gnu/libnsl-2.19.so
7fac47bc6000-7fac47bc8000 rw-p 00000000 00:00 0 
7fac47bc8000-7fac47bd1000 r-xp 00000000 08:06 1315235                    /lib/x86_64-linux-gnu/libnss_compat-2.19.so
7fac47bd1000-7fac47dd0000 ---p 00009000 08:06 1315235                    /lib/x86_64-linux-gnu/libnss_compat-2.19.so
7fac47dd0000-7fac47dd1000 r--p 00008000 08:06 1315235                    /lib/x86_64-linux-gnu/libnss_compat-2.19.so
7fac47dd1000-7fac47dd2000 rw-p 00009000 08:06 1315235                    /lib/x86_64-linux-gnu/libnss_compat-2.19.so
7fac47dd2000-7fac47dfd000 r-xp 00000000 08:06 669267                     /usr/lib/jvm/java-7-openjdk-amd64/jre/lib/amd64/libjava.so
7fac47dfd000-7fac47ffd000 ---p 0002b000 08:06 669267                     /usr/lib/jvm/java-7-openjdk-amd64/jre/lib/amd64/libjava.so
7fac47ffd000-7fac47ffe000 r--p 0002b000 08:06 669267                     /usr/lib/jvm/java-7-openjdk-amd64/jre/lib/amd64/libjava.so
7fac47ffe000-7fac48000000 rw-p 0002c000 08:06 669267                     /usr/lib/jvm/java-7-openjdk-amd64/jre/lib/amd64/libjava.so
7fac48000000-7fac48022000 rw-p 00000000 00:00 0 
7fac48022000-7fac4c000000 ---p 00000000 00:00 0 
7fac4c10e000-7fac4c11e000 r-xp 00000000 08:06 669268                     /usr/lib/jvm/java-7-openjdk-amd64/jre/lib/amd64/libverify.so
7fac4c11e000-7fac4c31d000 ---p 00010000 08:06 669268                     /usr/lib/jvm/java-7-openjdk-amd64/jre/lib/amd64/libverify.so
7fac4c31d000-7fac4c31f000 r--p 0000f000 08:06 669268                     /usr/lib/jvm/java-7-openjdk-amd64/jre/lib/amd64/libverify.so
7fac4c31f000-7fac4c320000 rw-p 00011000 08:06 669268                     /usr/lib/jvm/java-7-openjdk-amd64/jre/lib/amd64/libverify.so
7fac4c320000-7fac4c327000 r-xp 00000000 08:06 1315292                    /lib/x86_64-linux-gnu/librt-2.19.so
7fac4c327000-7fac4c526000 ---p 00007000 08:06 1315292                    /lib/x86_64-linux-gnu/librt-2.19.so
7fac4c526000-7fac4c527000 r--p 00006000 08:06 1315292                    /lib/x86_64-linux-gnu/librt-2.19.so
7fac4c527000-7fac4c528000 rw-p 00007000 08:06 1315292                    /lib/x86_64-linux-gnu/librt-2.19.so
7fac4c528000-7fac4c53e000 r-xp 00000000 08:06 1315191                    /lib/x86_64-linux-gnu/libgcc_s.so.1
7fac4c53e000-7fac4c73d000 ---p 00016000 08:06 1315191                    /lib/x86_64-linux-gnu/libgcc_s.so.1
7fac4c73d000-7fac4c73e000 rw-p 00015000 08:06 1315191                    /lib/x86_64-linux-gnu/libgcc_s.so.1
7fac4c73e000-7fac4c843000 r-xp 00000000 08:06 1315214                    /lib/x86_64-linux-gnu/libm-2.19.so
7fac4c843000-7fac4ca42000 ---p 00105000 08:06 1315214                    /lib/x86_64-linux-gnu/libm-2.19.so
7fac4ca42000-7fac4ca43000 r--p 00104000 08:06 1315214                    /lib/x86_64-linux-gnu/libm-2.19.so
7fac4ca43000-7fac4ca44000 rw-p 00105000 08:06 1315214                    /lib/x86_64-linux-gnu/libm-2.19.so
7fac4ca44000-7fac4cb2a000 r-xp 00000000 08:06 655538                     /usr/lib/x86_64-linux-gnu/libstdc++.so.6.0.19
7fac4cb2a000-7fac4cd29000 ---p 000e6000 08:06 655538                     /usr/lib/x86_64-linux-gnu/libstdc++.so.6.0.19
7fac4cd29000-7fac4cd31000 r--p 000e5000 08:06 655538                     /usr/lib/x86_64-linux-gnu/libstdc++.so.6.0.19
7fac4cd31000-7fac4cd33000 rw-p 000ed000 08:06 655538                     /usr/lib/x86_64-linux-gnu/libstdc++.so.6.0.19
7fac4cd33000-7fac4cd48000 rw-p 00000000 00:00 0 
7fac4cd48000-7fac4d86d000 r-xp 00000000 08:06 669280                     /usr/lib/jvm/java-7-openjdk-amd64/jre/lib/amd64/server/libjvm.so
7fac4d86d000-7fac4da6d000 ---p 00b25000 08:06 669280                     /usr/lib/jvm/java-7-openjdk-amd64/jre/lib/amd64/server/libjvm.so
7fac4da6d000-7fac4db07000 r--p 00b25000 08:06 669280                     /usr/lib/jvm/java-7-openjdk-amd64/jre/lib/amd64/server/libjvm.so
7fac4db07000-7fac4db2a000 rw-p 00bbf000 08:06 669280                     /usr/lib/jvm/java-7-openjdk-amd64/jre/lib/amd64/server/libjvm.so
7fac4db2a000-7fac4db59000 rw-p 00000000 00:00 0 
7fac4db59000-7fac4db71000 r-xp 00000000 08:06 1315327                    /lib/x86_64-linux-gnu/libz.so.1.2.8
7fac4db71000-7fac4dd70000 ---p 00018000 08:06 1315327                    /lib/x86_64-linux-gnu/libz.so.1.2.8
7fac4dd70000-7fac4dd71000 r--p 00017000 08:06 1315327                    /lib/x86_64-linux-gnu/libz.so.1.2.8
7fac4dd71000-7fac4dd72000 rw-p 00018000 08:06 1315327                    /lib/x86_64-linux-gnu/libz.so.1.2.8
7fac4dd72000-7fac4dd8b000 r-xp 00000000 08:06 1315284                    /lib/x86_64-linux-gnu/libpthread-2.19.so
7fac4dd8b000-7fac4df8a000 ---p 00019000 08:06 1315284                    /lib/x86_64-linux-gnu/libpthread-2.19.so
7fac4df8a000-7fac4df8b000 r--p 00018000 08:06 1315284                    /lib/x86_64-linux-gnu/libpthread-2.19.so
7fac4df8b000-7fac4df8c000 rw-p 00019000 08:06 1315284                    /lib/x86_64-linux-gnu/libpthread-2.19.so
7fac4df8c000-7fac4df90000 rw-p 00000000 00:00 0 
7fac4df90000-7fac4df93000 r-xp 00000000 08:06 1315181                    /lib/x86_64-linux-gnu/libdl-2.19.so
7fac4df93000-7fac4e192000 ---p 00003000 08:06 1315181                    /lib/x86_64-linux-gnu/libdl-2.19.so
7fac4e192000-7fac4e193000 r--p 00002000 08:06 1315181                    /lib/x86_64-linux-gnu/libdl-2.19.so
7fac4e193000-7fac4e194000 rw-p 00003000 08:06 1315181                    /lib/x86_64-linux-gnu/libdl-2.19.so
7fac4e194000-7fac4e34f000 r-xp 00000000 08:06 1315164                    /lib/x86_64-linux-gnu/libc-2.19.so
7fac4e34f000-7fac4e54e000 ---p 001bb000 08:06 1315164                    /lib/x86_64-linux-gnu/libc-2.19.so
7fac4e54e000-7fac4e552000 r--p 001ba000 08:06 1315164                    /lib/x86_64-linux-gnu/libc-2.19.so
7fac4e552000-7fac4e554000 rw-p 001be000 08:06 1315164                    /lib/x86_64-linux-gnu/libc-2.19.so
7fac4e554000-7fac4e559000 rw-p 00000000 00:00 0 
7fac4e559000-7fac4e566000 r-xp 00000000 08:06 669297                     /usr/lib/jvm/java-7-openjdk-amd64/jre/lib/amd64/jli/libjli.so
7fac4e566000-7fac4e765000 ---p 0000d000 08:06 669297                     /usr/lib/jvm/java-7-openjdk-amd64/jre/lib/amd64/jli/libjli.so
7fac4e765000-7fac4e766000 r--p 0000c000 08:06 669297                     /usr/lib/jvm/java-7-openjdk-amd64/jre/lib/amd64/jli/libjli.so
7fac4e766000-7fac4e767000 rw-p 0000d000 08:06 669297                     /usr/lib/jvm/java-7-openjdk-amd64/jre/lib/amd64/jli/libjli.so
7fac4e767000-7fac4e78a000 r-xp 00000000 08:06 1315140                    /lib/x86_64-linux-gnu/ld-2.19.so
7fac4e86d000-7fac4e870000 ---p 00000000 00:00 0 
7fac4e870000-7fac4e973000 rw-p 00000000 00:00 0                          [stack:4230]
7fac4e97b000-7fac4e97d000 rw-p 00000000 00:00 0 
7fac4e97d000-7fac4e985000 rw-s 00000000 08:06 524345                     /tmp/hsperfdata_pranav/4229
7fac4e985000-7fac4e986000 rw-p 00000000 00:00 0 
7fac4e986000-7fac4e987000 r--p 00000000 00:00 0 
7fac4e987000-7fac4e989000 rw-p 00000000 00:00 0 
7fac4e989000-7fac4e98a000 r--p 00022000 08:06 1315140                    /lib/x86_64-linux-gnu/ld-2.19.so
7fac4e98a000-7fac4e98b000 rw-p 00023000 08:06 1315140                    /lib/x86_64-linux-gnu/ld-2.19.so
7fac4e98b000-7fac4e98c000 rw-p 00000000 00:00 0 
7ffcd6ad2000-7ffcd6af3000 rw-p 00000000 00:00 0                          [stack]
7ffcd6bd1000-7ffcd6bd3000 r--p 00000000 00:00 0                          [vvar]
7ffcd6bd3000-7ffcd6bd5000 r-xp 00000000 00:00 0                          [vdso]
ffffffffff600000-ffffffffff601000 r-xp 00000000 00:00 0                  [vsyscall]

VM Arguments:
jvm_args: -Xms1024m -Xmx1024m -XX:ReservedCodeCacheSize=128m -XX:MaxPermSize=256m 
java_command: /usr/share/sbt-launcher-packaging/bin/sbt-launch.jar
Launcher Type: SUN_STANDARD

Environment Variables:
PATH=/usr/local/sbin:/usr/local/bin:/usr/sbin:/usr/bin:/sbin:/bin:/usr/games:/usr/local/games
SHELL=/bin/bash
DISPLAY=:0

Signal Handlers:
SIGSEGV: [libjvm.so+0x9561e0], sa_mask[0]=0x7ffbfeff, sa_flags=0x10000004
SIGBUS: [libjvm.so+0x9561e0], sa_mask[0]=0x7ffbfeff, sa_flags=0x10000004
SIGFPE: [libjvm.so+0x7cc4d0], sa_mask[0]=0x7ffbfeff, sa_flags=0x10000004
SIGPIPE: [libjvm.so+0x7cc4d0], sa_mask[0]=0x7ffbfeff, sa_flags=0x10000004
SIGXFSZ: [libjvm.so+0x7cc4d0], sa_mask[0]=0x7ffbfeff, sa_flags=0x10000004
SIGILL: [libjvm.so+0x7cc4d0], sa_mask[0]=0x7ffbfeff, sa_flags=0x10000004
SIGUSR1: SIG_DFL, sa_mask[0]=0x00000000, sa_flags=0x00000000
SIGUSR2: [libjvm.so+0x7cc370], sa_mask[0]=0x00000000, sa_flags=0x10000004
SIGHUP: SIG_DFL, sa_mask[0]=0x00000000, sa_flags=0x00000000
SIGINT: SIG_DFL, sa_mask[0]=0x00000000, sa_flags=0x00000000
SIGTERM: SIG_DFL, sa_mask[0]=0x00000000, sa_flags=0x00000000
SIGQUIT: SIG_DFL, sa_mask[0]=0x00000000, sa_flags=0x00000000
SIGTRAP: SIG_DFL, sa_mask[0]=0x00000000, sa_flags=0x00000000


---------------  S Y S T E M  ---------------

OS:Ubuntu 14.04 (trusty)
uname:Linux 3.19.0-25-generic #26~14.04.1-Ubuntu SMP Fri Jul 24 21:16:20 UTC 2015 x86_64
libc:glibc 2.19 NPTL 2.19 
rlimit: STACK 8192k, CORE 0k, NPROC 7067, NOFILE 4096, AS infinity
load average:0.72 0.91 0.79

/proc/meminfo:
MemTotal:        1830540 kB
MemFree:          118668 kB
MemAvailable:      90408 kB
Buffers:            6352 kB
Cached:           188072 kB
SwapCached:        45624 kB
Active:          1180896 kB
Inactive:         413268 kB
Active(anon):    1122528 kB
Inactive(anon):   379540 kB
Active(file):      58368 kB
Inactive(file):    33728 kB
Unevictable:          32 kB
Mlocked:              32 kB
SwapTotal:       1943548 kB
SwapFree:         138044 kB
Dirty:               128 kB
Writeback:             0 kB
AnonPages:       1354340 kB
Mapped:            72356 kB
Shmem:            102344 kB
Slab:              45792 kB
SReclaimable:      20320 kB
SUnreclaim:        25472 kB
KernelStack:        7216 kB
PageTables:        32648 kB
NFS_Unstable:          0 kB
Bounce:                0 kB
WritebackTmp:          0 kB
CommitLimit:     2858816 kB
Committed_AS:    7492484 kB
VmallocTotal:   34359738367 kB
VmallocUsed:      541764 kB
VmallocChunk:   34359187932 kB
HardwareCorrupted:     0 kB
AnonHugePages:    448512 kB
CmaTotal:              0 kB
CmaFree:               0 kB
HugePages_Total:       0
HugePages_Free:        0
HugePages_Rsvd:        0
HugePages_Surp:        0
Hugepagesize:       2048 kB
DirectMap4k:       86272 kB
DirectMap2M:     1859584 kB


CPU:total 2 (2 cores per cpu, 1 threads per core) family 6 model 42 stepping 7, cmov, cx8, fxsr, mmx, sse, sse2, sse3, ssse3, sse4.1, sse4.2, popcnt, tsc, tscinvbit

/proc/cpuinfo:
processor	: 0
vendor_id	: GenuineIntel
cpu family	: 6
model		: 42
model name	: Intel(R) Pentium(R) CPU B950 @ 2.10GHz
stepping	: 7
microcode	: 0x25
cpu MHz		: 2088.515
cache size	: 2048 KB
physical id	: 0
siblings	: 2
core id		: 0
cpu cores	: 2
apicid		: 0
initial apicid	: 0
fpu		: yes
fpu_exception	: yes
cpuid level	: 13
wp		: yes
flags		: fpu vme de pse tsc msr pae mce cx8 apic sep mtrr pge mca cmov pat pse36 clflush dts acpi mmx fxsr sse sse2 ss ht tm pbe syscall nx rdtscp lm constant_tsc arch_perfmon pebs bts rep_good nopl xtopology nonstop_tsc aperfmperf eagerfpu pni pclmulqdq dtes64 monitor ds_cpl est tm2 ssse3 cx16 xtpr pdcm pcid sse4_1 sse4_2 x2apic popcnt tsc_deadline_timer xsave lahf_lm arat epb pln pts dtherm xsaveopt
bugs		:
bogomips	: 4190.53
clflush size	: 64
cache_alignment	: 64
address sizes	: 36 bits physical, 48 bits virtual
power management:

processor	: 1
vendor_id	: GenuineIntel
cpu family	: 6
model		: 42
model name	: Intel(R) Pentium(R) CPU B950 @ 2.10GHz
stepping	: 7
microcode	: 0x25
cpu MHz		: 1286.003
cache size	: 2048 KB
physical id	: 0
siblings	: 2
core id		: 1
cpu cores	: 2
apicid		: 2
initial apicid	: 2
fpu		: yes
fpu_exception	: yes
cpuid level	: 13
wp		: yes
flags		: fpu vme de pse tsc msr pae mce cx8 apic sep mtrr pge mca cmov pat pse36 clflush dts acpi mmx fxsr sse sse2 ss ht tm pbe syscall nx rdtscp lm constant_tsc arch_perfmon pebs bts rep_good nopl xtopology nonstop_tsc aperfmperf eagerfpu pni pclmulqdq dtes64 monitor ds_cpl est tm2 ssse3 cx16 xtpr pdcm pcid sse4_1 sse4_2 x2apic popcnt tsc_deadline_timer xsave lahf_lm arat epb pln pts dtherm xsaveopt
bugs		:
bogomips	: 4190.53
clflush size	: 64
cache_alignment	: 64
address sizes	: 36 bits physical, 48 bits virtual
power management:



Memory: 4k page, physical 1830540k(118668k free), swap 1943548k(138044k free)

vm_info: OpenJDK 64-Bit Server VM (24.95-b01) for linux-amd64 JRE (1.7.0_101-b00), built on Apr 24 2016 20:39:29 by "buildd" with gcc 4.8.2

time: Tue May 24 02:27:51 2016
elapsed time: 0 seconds

